0x2000D5C0 READ  30
0x1FF96FC0 WRITE   160
0x2000D600 READ  165
0x1FF97000 READ    192
0x2000A340 READ    278
0x1FF97080 READ    305
0x2004EF40 READ  432
0x1FF970C0 READ    606
0x1FF97100 READ    687
0x1FF97140 READ    767
0x1FF97180 READ    847
0x1FF971C0 READ    927
0x1FF97200 READ    1007
0x40009F40 WRITE   1088
0x2001C800 READ  1128
0x2001C840 READ  1274
0x2000AB00 READ    1280
0x40009E00 READ    1281
0x2001F600 READ  1390
0x2001F640 READ  1620
0x2001C9C0 READ  1715
0x2000AEC0 READ    1717
0x2001CA00 READ  1794
0x2001CA80 READ  1923
0x2000AA80 READ    1924
0x40009EC0 READ    1925